
> kaleidoscope-tcg-engine@0.1.0 dev
> next dev Front-end

▲ Next.js 16.2.10 (Turbopack)
- Local:         http://localhost:3000
- Network:       http://10.30.23.11:3000
- Environments: .env.local
✓ Ready in 629ms
Creating turbopack project {
  dir: 'E:\\A.PRJ\\Kaleidoscope TCG\\TCG-AWS\\Front-end',
  testMode: true
}
- Experiments (use with caution):
  ✓ externalDir

 GET /deck-builder 200 in 1103ms (next.js: 919ms, application-code: 184ms)
 GET / 200 in 138ms (next.js: 25ms, application-code: 113ms)
 GET /deck-builder 200 in 94ms (next.js: 3ms, application-code: 91ms)
 GET /play 200 in 200ms (next.js: 28ms, application-code: 171ms)
 GET / 200 in 27ms (next.js: 8ms, application-code: 19ms)
 GET /deck-builder 200 in 19ms (next.js: 4ms, application-code: 15ms)
 GET / 200 in 53ms (next.js: 4ms, application-code: 49ms)
 GET /gallery 200 in 47ms (next.js: 27ms, application-code: 20ms)
✓ Compiled in 438ms
 GET /gallery 200 in 125ms (next.js: 49ms, application-code: 76ms)
 GET /gallery 200 in 62ms (next.js: 3ms, application-code: 59ms)
 GET /gallery 200 in 44ms (next.js: 3ms, application-code: 41ms)
 GET /gallery 200 in 25ms (next.js: 2ms, application-code: 22ms)
 GET /deck-builder 200 in 227ms (next.js: 79ms, application-code: 148ms)
 GET / 200 in 75ms (next.js: 12ms, application-code: 63ms)
 GET /deck-builder 200 in 22ms (next.js: 3ms, application-code: 19ms)
 GET / 200 in 52ms (next.js: 4ms, application-code: 47ms)
 GET /deck-builder 200 in 20ms (next.js: 4ms, application-code: 16ms)
 GET / 200 in 44ms (next.js: 3ms, application-code: 40ms)
 GET / 200 in 128ms (next.js: 72ms, application-code: 56ms)
 GET / 200 in 29ms (next.js: 4ms, application-code: 25ms)
 GET / 200 in 91ms (next.js: 51ms, application-code: 40ms)
 GET / 200 in 38ms (next.js: 2ms, application-code: 35ms)
 GET / 200 in 20ms (next.js: 2ms, application-code: 17ms)
 GET / 200 in 148ms (next.js: 51ms, application-code: 97ms)
 GET / 200 in 27ms (next.js: 3ms, application-code: 24ms)
 GET / 200 in 98ms (next.js: 50ms, application-code: 47ms)
 GET / 200 in 33ms (next.js: 2ms, application-code: 31ms)
 GET / 200 in 33ms (next.js: 4ms, application-code: 29ms)
 GET / 200 in 16ms (next.js: 2ms, application-code: 13ms)
 GET / 200 in 73ms (next.js: 46ms, application-code: 27ms)
✓ Compiled in 402ms
 GET /deck-builder 200 in 191ms (next.js: 66ms, application-code: 125ms)
 GET /play 200 in 228ms (next.js: 74ms, application-code: 154ms)
✓ Compiled in 128ms
 GET / 200 in 142ms (next.js: 79ms, application-code: 64ms)
 GET / 200 in 51ms (next.js: 3ms, application-code: 48ms)
 GET / 200 in 40ms (next.js: 4ms, application-code: 36ms)
 GET / 200 in 40ms (next.js: 5ms, application-code: 35ms)
 GET / 200 in 36ms (next.js: 2ms, application-code: 33ms)
 GET / 200 in 36ms (next.js: 3ms, application-code: 33ms)
 GET / 200 in 21ms (next.js: 4ms, application-code: 17ms)
 GET /play 200 in 229ms (next.js: 75ms, application-code: 154ms)
 GET /deck-builder 200 in 77ms (next.js: 10ms, application-code: 67ms)
 GET /play 200 in 22ms (next.js: 3ms, application-code: 19ms)
 GET /deck-builder 200 in 24ms (next.js: 4ms, application-code: 20ms)
 GET / 200 in 62ms (next.js: 3ms, application-code: 59ms)
 GET /deck-builder 200 in 18ms (next.js: 3ms, application-code: 16ms)
 GET / 200 in 49ms (next.js: 4ms, application-code: 45ms)
 GET /login 200 in 54ms (next.js: 31ms, application-code: 23ms)
 GET /play 200 in 19ms (next.js: 3ms, application-code: 16ms)
 GET / 200 in 19ms (next.js: 4ms, application-code: 16ms)
 GET /play 200 in 18ms (next.js: 2ms, application-code: 15ms)
 GET / 200 in 19ms (next.js: 4ms, application-code: 15ms)
 GET /deck-builder 200 in 19ms (next.js: 3ms, application-code: 16ms)
 GET / 200 in 75ms (next.js: 4ms, application-code: 71ms)
 GET /play 200 in 27ms (next.js: 3ms, application-code: 24ms)
 GET /deck-builder 200 in 19ms (next.js: 3ms, application-code: 16ms)
 GET / 200 in 49ms (next.js: 3ms, application-code: 45ms)
 GET /play 200 in 18ms (next.js: 4ms, application-code: 14ms)
 GET / 200 in 46ms (next.js: 3ms, application-code: 42ms)
 GET /play 200 in 19ms (next.js: 3ms, application-code: 16ms)
 GET / 200 in 64ms (next.js: 5ms, application-code: 59ms)
 GET /login 200 in 19ms (next.js: 4ms, application-code: 16ms)
 GET / 200 in 48ms (next.js: 4ms, application-code: 44ms)
 GET /login 200 in 22ms (next.js: 3ms, application-code: 19ms)
 GET /play 200 in 18ms (next.js: 3ms, application-code: 15ms)
 GET / 200 in 15ms (next.js: 3ms, application-code: 13ms)
 GET /play?custom=create 200 in 20ms (next.js: 3ms, application-code: 17ms)
✓ Compiled in 260ms
 GET / 200 in 56ms (next.js: 6ms, application-code: 50ms)
 GET / 200 in 327ms (next.js: 65ms, application-code: 262ms)
 GET /login 200 in 351ms (next.js: 120ms, application-code: 231ms)
 GET /login 200 in 108ms (next.js: 26ms, application-code: 82ms)
 GET / 200 in 234ms (next.js: 10ms, application-code: 224ms)
 GET /login 200 in 57ms (next.js: 4ms, application-code: 53ms)
 GET /login 200 in 36ms (next.js: 4ms, application-code: 32ms)
 GET / 200 in 226ms (next.js: 98ms, application-code: 128ms)
 GET /login 200 in 251ms (next.js: 66ms, application-code: 185ms)
 GET /login 200 in 128ms (next.js: 5ms, application-code: 123ms)
 GET / 200 in 104ms (next.js: 21ms, application-code: 83ms)
 GET /login 200 in 61ms (next.js: 4ms, application-code: 57ms)
 GET / 200 in 35ms (next.js: 6ms, application-code: 29ms)
 GET / 200 in 170ms (next.js: 49ms, application-code: 121ms)
 GET /login 200 in 187ms (next.js: 84ms, application-code: 103ms)
 GET / 200 in 85ms (next.js: 3ms, application-code: 83ms)
 GET /login 200 in 100ms (next.js: 4ms, application-code: 96ms)
 GET / 200 in 71ms (next.js: 3ms, application-code: 68ms)
 GET /login 200 in 57ms (next.js: 5ms, application-code: 52ms)
 GET / 200 in 37ms (next.js: 3ms, application-code: 34ms)
 GET /login 200 in 21ms (next.js: 3ms, application-code: 19ms)
✓ Compiled in 152ms
 GET / 200 in 274ms (next.js: 65ms, application-code: 209ms)
 GET /login 200 in 28ms (next.js: 6ms, application-code: 22ms)
 GET /login 200 in 277ms (next.js: 95ms, application-code: 182ms)
 GET / 200 in 183ms (next.js: 116ms, application-code: 66ms)
 GET / 200 in 25ms (next.js: 6ms, application-code: 19ms)
 GET /login 200 in 190ms (next.js: 5ms, application-code: 185ms)
 GET / 200 in 189ms (next.js: 21ms, application-code: 168ms)
✓ Compiled in 178ms
 GET / 200 in 61ms (next.js: 4ms, application-code: 57ms)
 GET /play 200 in 437ms (next.js: 124ms, application-code: 312ms)
 GET /play?trial=1 200 in 38ms (next.js: 4ms, application-code: 34ms)
 GET /play?trial=1 200 in 23ms (next.js: 3ms, application-code: 20ms)
 GET /deck-builder 200 in 132ms (next.js: 94ms, application-code: 38ms)
 GET / 200 in 39ms (next.js: 4ms, application-code: 35ms)
 GET /deck-builder 200 in 19ms (next.js: 3ms, application-code: 16ms)
 GET /gallery 200 in 42ms (next.js: 24ms, application-code: 19ms)
 GET / 200 in 54ms (next.js: 4ms, application-code: 50ms)
 GET /play 200 in 53ms (next.js: 4ms, application-code: 50ms)
 GET /play?trial=1 200 in 45ms (next.js: 4ms, application-code: 41ms)
 GET / 200 in 44ms (next.js: 4ms, application-code: 41ms)
 GET /play 200 in 21ms (next.js: 4ms, application-code: 17ms)
 GET / 200 in 18ms (next.js: 4ms, application-code: 14ms)
 GET /deck-builder 200 in 20ms (next.js: 4ms, application-code: 16ms)
 GET / 200 in 44ms (next.js: 3ms, application-code: 41ms)
 GET /deck-builder 200 in 20ms (next.js: 3ms, application-code: 16ms)
 GET / 200 in 41ms (next.js: 3ms, application-code: 37ms)
 GET /deck-builder 200 in 20ms (next.js: 3ms, application-code: 16ms)
 GET / 200 in 38ms (next.js: 3ms, application-code: 35ms)
 GET /gallery 200 in 18ms (next.js: 3ms, application-code: 15ms)
 GET / 200 in 53ms (next.js: 4ms, application-code: 49ms)
 GET /deck-builder 200 in 24ms (next.js: 4ms, application-code: 20ms)
 GET / 200 in 46ms (next.js: 3ms, application-code: 43ms)
 GET /play 200 in 22ms (next.js: 3ms, application-code: 19ms)
 GET / 200 in 16ms (next.js: 3ms, application-code: 13ms)
 GET /play?trial=1 200 in 21ms (next.js: 4ms, application-code: 18ms)
✓ Compiled in 427ms
 GET /play?trial=1 200 in 149ms (next.js: 67ms, application-code: 81ms)
 GET /play?trial=1 200 in 73ms (next.js: 3ms, application-code: 70ms)
 GET /play?trial=1 200 in 51ms (next.js: 3ms, application-code: 49ms)
 GET /play?trial=1 200 in 29ms (next.js: 4ms, application-code: 26ms)
 GET / 200 in 35ms (next.js: 18ms, application-code: 17ms)
 GET /play 200 in 21ms (next.js: 3ms, application-code: 18ms)
 GET / 200 in 114ms (next.js: 5ms, application-code: 110ms)
 GET /play 200 in 22ms (next.js: 4ms, application-code: 18ms)
 GET / 200 in 20ms (next.js: 4ms, application-code: 16ms)
 GET /login 200 in 93ms (next.js: 71ms, application-code: 22ms)
 GET /play 200 in 19ms (next.js: 3ms, application-code: 16ms)
 GET /login 200 in 113ms (next.js: 4ms, application-code: 109ms)
 GET /login 200 in 110ms (next.js: 3ms, application-code: 107ms)
 GET /login 200 in 81ms (next.js: 3ms, application-code: 77ms)
 GET /login 200 in 22ms (next.js: 4ms, application-code: 18ms)
 GET /play 200 in 16ms (next.js: 3ms, application-code: 13ms)
✓ Compiled in 341ms
 GET /forgot-password 200 in 46ms (next.js: 31ms, application-code: 15ms)
 GET /play 200 in 215ms (next.js: 83ms, application-code: 132ms)
 GET /login 200 in 100ms (next.js: 12ms, application-code: 88ms)
 GET /play 200 in 63ms (next.js: 4ms, application-code: 58ms)
 GET /login 200 in 113ms (next.js: 3ms, application-code: 110ms)
 GET /register 200 in 98ms (next.js: 31ms, application-code: 67ms)
 GET /forgot-password 200 in 25ms (next.js: 7ms, application-code: 17ms)
 GET /forgot-password 200 in 20ms (next.js: 3ms, application-code: 17ms)
 GET / 200 in 35ms (next.js: 14ms, application-code: 21ms)
 GET /play?room=9LKTX 200 in 25ms (next.js: 4ms, application-code: 21ms)
 GET / 200 in 27ms (next.js: 4ms, application-code: 23ms)
 GET /play 200 in 23ms (next.js: 4ms, application-code: 19ms)
 GET / 200 in 20ms (next.js: 4ms, application-code: 17ms)
 GET /gallery 200 in 34ms (next.js: 13ms, application-code: 22ms)
 GET / 200 in 62ms (next.js: 3ms, application-code: 59ms)
 GET /login 200 in 42ms (next.js: 4ms, application-code: 39ms)
 GET /register 200 in 48ms (next.js: 3ms, application-code: 45ms)
 GET / 200 in 22ms (next.js: 3ms, application-code: 19ms)
 GET /deck-builder 200 in 33ms (next.js: 16ms, application-code: 17ms)
 GET / 200 in 56ms (next.js: 4ms, application-code: 52ms)
 GET /play 200 in 18ms (next.js: 3ms, application-code: 15ms)
 GET /play 200 in 27ms (next.js: 4ms, application-code: 23ms)
 GET /login 200 in 87ms (next.js: 5ms, application-code: 82ms)
 GET /register 200 in 84ms (next.js: 9ms, application-code: 75ms)
 GET / 200 in 83ms (next.js: 4ms, application-code: 78ms)
 GET /deck-builder 200 in 19ms (next.js: 3ms, application-code: 16ms)
 GET / 200 in 53ms (next.js: 4ms, application-code: 48ms)
 GET /deck-builder 200 in 17ms (next.js: 2ms, application-code: 15ms)
 GET / 200 in 39ms (next.js: 3ms, application-code: 36ms)
 GET / 200 in 55ms (next.js: 3ms, application-code: 52ms)
 GET /login 200 in 15ms (next.js: 3ms, application-code: 12ms)
 GET /register 200 in 17ms (next.js: 3ms, application-code: 14ms)
 GET /login 200 in 17ms (next.js: 3ms, application-code: 14ms)
 GET /register 200 in 19ms (next.js: 3ms, application-code: 16ms)
 GET /login 200 in 16ms (next.js: 3ms, application-code: 13ms)
 GET /register 200 in 18ms (next.js: 3ms, application-code: 15ms)
 GET /verify?email=userrpsbtm236891%40hypealpha.xyz 200 in 54ms (next.js: 31ms, application-code: 23ms)
✓ Compiled in 365ms
 GET / 200 in 295ms (next.js: 85ms, application-code: 210ms)
 GET /verify?email=userrpsbtm236891%40hypealpha.xyz 200 in 322ms (next.js: 120ms, application-code: 202ms)
 GET / 200 in 198ms (next.js: 4ms, application-code: 194ms)
 GET /verify?email=userrpsbtm236891%40hypealpha.xyz 200 in 244ms (next.js: 4ms, application-code: 240ms)
 GET / 200 in 218ms (next.js: 7ms, application-code: 212ms)
 GET /verify?email=userrpsbtm236891%40hypealpha.xyz 200 in 219ms (next.js: 71ms, application-code: 147ms)
 GET /verify?email=userrpsbtm236891%40hypealpha.xyz 200 in 221ms (next.js: 55ms, application-code: 166ms)
 GET /verify?email=userrpsbtm236891%40hypealpha.xyz 200 in 188ms (next.js: 48ms, application-code: 140ms)
 GET / 200 in 120ms (next.js: 7ms, application-code: 113ms)
 GET / 200 in 108ms (next.js: 49ms, application-code: 59ms)
 GET /verify?email=userrpsbtm236891%40hypealpha.xyz 200 in 111ms (next.js: 4ms, application-code: 106ms)
 GET /verify?email=userrpsbtm236891%40hypealpha.xyz 200 in 111ms (next.js: 26ms, application-code: 85ms)
 GET / 200 in 44ms (next.js: 6ms, application-code: 38ms)
 GET / 200 in 21ms (next.js: 3ms, application-code: 19ms)
 GET /deck-builder 200 in 133ms (next.js: 11ms, application-code: 123ms)
 GET / 200 in 19ms (next.js: 4ms, application-code: 15ms)
✓ Compiled in 226ms
 GET / 200 in 121ms (next.js: 60ms, application-code: 62ms)
 GET /verify?email=userrpsbtm236891%40hypealpha.xyz 200 in 122ms (next.js: 98ms, application-code: 23ms)
 GET / 200 in 73ms (next.js: 2ms, application-code: 71ms)
 GET /play 200 in 218ms (next.js: 66ms, application-code: 151ms)
 GET /forgot-password 200 in 145ms (next.js: 60ms, application-code: 85ms)
 GET /register 200 in 33ms (next.js: 13ms, application-code: 21ms)
 GET /login 200 in 25ms (next.js: 11ms, application-code: 15ms)
 GET / 200 in 15ms (next.js: 3ms, application-code: 12ms)
 GET /login 200 in 19ms (next.js: 3ms, application-code: 16ms)
 GET / 200 in 18ms (next.js: 3ms, application-code: 15ms)
 GET /login 200 in 18ms (next.js: 3ms, application-code: 15ms)
 GET /play 200 in 18ms (next.js: 3ms, application-code: 15ms)
 GET / 200 in 21ms (next.js: 3ms, application-code: 18ms)
 GET /gallery 200 in 32ms (next.js: 11ms, application-code: 21ms)
 GET / 200 in 51ms (next.js: 5ms, application-code: 46ms)
 GET /login 200 in 19ms (next.js: 4ms, application-code: 15ms)
 GET /forgot-password 200 in 19ms (next.js: 3ms, application-code: 16ms)
 GET /reset-password?email=runeeyes584%40gmail.com 200 in 556ms (next.js: 538ms, application-code: 18ms)
✓ Compiled in 278ms
 GET / 200 in 471ms (next.js: 80ms, application-code: 390ms)
 GET /reset-password?email=runeeyes584%40gmail.com 200 in 474ms (next.js: 202ms, application-code: 273ms)
 GET / 200 in 238ms (next.js: 4ms, application-code: 235ms)
 GET /reset-password?email=runeeyes584%40gmail.com 200 in 242ms (next.js: 5ms, application-code: 237ms)
 GET / 200 in 213ms (next.js: 6ms, application-code: 207ms)
 GET /reset-password?email=runeeyes584%40gmail.com 200 in 212ms (next.js: 30ms, application-code: 183ms)
 GET /reset-password?email=runeeyes584%40gmail.com 200 in 213ms (next.js: 56ms, application-code: 157ms)
 GET /reset-password?email=runeeyes584%40gmail.com 200 in 190ms (next.js: 90ms, application-code: 100ms)
 GET / 200 in 60ms (next.js: 5ms, application-code: 55ms)
 GET / 200 in 35ms (next.js: 4ms, application-code: 31ms)
✓ Compiled in 193ms
 GET /verify?email=test%40example.com 200 in 143ms (next.js: 60ms, application-code: 83ms)
 GET /reset-password?email=test%40example.com 200 in 57ms (next.js: 3ms, application-code: 54ms)
 GET /login 200 in 32ms (next.js: 13ms, application-code: 19ms)
 GET /register 200 in 25ms (next.js: 9ms, application-code: 17ms)
 GET /verify?email=userrpsbtm236891%40hypealpha.xyz 200 in 18ms (next.js: 3ms, application-code: 15ms)
 GET /register 200 in 19ms (next.js: 3ms, application-code: 15ms)
 GET / 200 in 16ms (next.js: 3ms, application-code: 13ms)
 GET /deck-builder 200 in 30ms (next.js: 13ms, application-code: 17ms)
 GET / 200 in 75ms (next.js: 4ms, application-code: 71ms)
 GET /gallery 200 in 26ms (next.js: 8ms, application-code: 17ms)
 GET / 200 in 40ms (next.js: 3ms, application-code: 37ms)
 GET /deck-builder 200 in 24ms (next.js: 3ms, application-code: 20ms)
 GET / 200 in 39ms (next.js: 3ms, application-code: 36ms)
✓ Compiled in 195ms
 GET / 200 in 158ms (next.js: 77ms, application-code: 82ms)
 GET / 200 in 297ms (next.js: 84ms, application-code: 213ms)
 GET / 200 in 376ms (next.js: 117ms, application-code: 259ms)
 GET / 200 in 169ms (next.js: 7ms, application-code: 162ms)
 GET / 200 in 272ms (next.js: 4ms, application-code: 268ms)
 GET / 200 in 112ms (next.js: 20ms, application-code: 92ms)
 GET / 200 in 112ms (next.js: 34ms, application-code: 78ms)
 GET / 200 in 112ms (next.js: 62ms, application-code: 50ms)
 GET / 200 in 114ms (next.js: 48ms, application-code: 66ms)
 GET / 200 in 109ms (next.js: 4ms, application-code: 105ms)
 GET / 200 in 85ms (next.js: 7ms, application-code: 78ms)
 GET / 200 in 59ms (next.js: 5ms, application-code: 54ms)
 GET / 200 in 60ms (next.js: 20ms, application-code: 40ms)
 GET / 200 in 60ms (next.js: 37ms, application-code: 23ms)
 GET /deck-builder 200 in 177ms (next.js: 65ms, application-code: 112ms)
✓ Compiled in 243ms
 GET / 200 in 214ms (next.js: 86ms, application-code: 128ms)
 GET / 200 in 216ms (next.js: 62ms, application-code: 155ms)
 GET / 200 in 133ms (next.js: 3ms, application-code: 130ms)
 GET / 200 in 152ms (next.js: 15ms, application-code: 137ms)
 GET / 200 in 146ms (next.js: 4ms, application-code: 142ms)
 GET / 200 in 149ms (next.js: 17ms, application-code: 132ms)
 GET / 200 in 149ms (next.js: 30ms, application-code: 119ms)
 GET / 200 in 150ms (next.js: 58ms, application-code: 91ms)
 GET / 200 in 151ms (next.js: 44ms, application-code: 107ms)
 GET / 200 in 107ms (next.js: 4ms, application-code: 103ms)
 GET / 200 in 111ms (next.js: 5ms, application-code: 106ms)
 GET / 200 in 106ms (next.js: 4ms, application-code: 102ms)
 GET / 200 in 84ms (next.js: 8ms, application-code: 76ms)
 GET / 200 in 77ms (next.js: 3ms, application-code: 74ms)
 GET / 200 in 60ms (next.js: 8ms, application-code: 52ms)
 GET / 200 in 60ms (next.js: 2ms, application-code: 57ms)
 GET / 200 in 42ms (next.js: 3ms, application-code: 39ms)
 GET / 200 in 23ms (next.js: 3ms, application-code: 20ms)
 GET /login 200 in 90ms (next.js: 64ms, application-code: 27ms)
 GET /play 200 in 95ms (next.js: 72ms, application-code: 23ms)
 GET / 200 in 22ms (next.js: 4ms, application-code: 18ms)
 GET /deck-builder 200 in 94ms (next.js: 67ms, application-code: 27ms)
 GET / 200 in 99ms (next.js: 4ms, application-code: 96ms)
✓ Compiled in 444ms
 GET / 200 in 200ms (next.js: 47ms, application-code: 153ms)
 GET / 200 in 201ms (next.js: 71ms, application-code: 130ms)
 GET / 200 in 137ms (next.js: 2ms, application-code: 134ms)
 GET / 200 in 139ms (next.js: 5ms, application-code: 134ms)
 GET / 200 in 141ms (next.js: 3ms, application-code: 138ms)
 GET / 200 in 167ms (next.js: 19ms, application-code: 148ms)
 GET / 200 in 167ms (next.js: 34ms, application-code: 133ms)
 GET / 200 in 152ms (next.js: 49ms, application-code: 103ms)
 GET / 200 in 154ms (next.js: 37ms, application-code: 117ms)
 GET / 200 in 121ms (next.js: 2ms, application-code: 119ms)
 GET / 200 in 109ms (next.js: 7ms, application-code: 102ms)
 GET / 200 in 90ms (next.js: 4ms, application-code: 86ms)
 GET / 200 in 83ms (next.js: 32ms, application-code: 51ms)
 GET / 200 in 52ms (next.js: 3ms, application-code: 49ms)
 GET / 200 in 34ms (next.js: 3ms, application-code: 30ms)
 GET / 200 in 17ms (next.js: 2ms, application-code: 15ms)
 GET /play?trial=1 200 in 238ms (next.js: 78ms, application-code: 160ms)
 GET /play?trial=1 200 in 19ms (next.js: 3ms, application-code: 16ms)
✓ Compiled in 404ms
 GET / 200 in 122ms (next.js: 76ms, application-code: 46ms)
 GET / 200 in 19ms (next.js: 2ms, application-code: 17ms)
 GET /play?trial=1 200 in 232ms (next.js: 83ms, application-code: 149ms)
 GET / 200 in 26ms (next.js: 4ms, application-code: 22ms)
 GET / 200 in 56ms (next.js: 4ms, application-code: 52ms)
 GET / 200 in 27ms (next.js: 5ms, application-code: 22ms)
 GET /play?trial=1 200 in 19ms (next.js: 3ms, application-code: 16ms)
 GET /play 200 in 20ms (next.js: 3ms, application-code: 17ms)
 GET /play 200 in 24ms (next.js: 3ms, application-code: 21ms)
 GET / 200 in 90ms (next.js: 4ms, application-code: 86ms)
✓ Compiled in 307ms
 GET /play 200 in 517ms (next.js: 201ms, application-code: 317ms)
 GET /play 200 in 57ms (next.js: 25ms, application-code: 32ms)
 GET / 200 in 552ms (next.js: 71ms, application-code: 481ms)
 GET / 200 in 133ms (next.js: 8ms, application-code: 125ms)
 GET /play 200 in 515ms (next.js: 136ms, application-code: 380ms)
 GET / 200 in 102ms (next.js: 5ms, application-code: 97ms)
 GET / 200 in 102ms (next.js: 6ms, application-code: 96ms)
 GET / 200 in 66ms (next.js: 5ms, application-code: 61ms)
 GET / 200 in 96ms (next.js: 4ms, application-code: 92ms)
 GET / 200 in 78ms (next.js: 5ms, application-code: 73ms)
 GET / 200 in 47ms (next.js: 5ms, application-code: 42ms)
 GET /play 200 in 45ms (next.js: 3ms, application-code: 42ms)
 GET /play 200 in 20ms (next.js: 3ms, application-code: 17ms)
 GET / 200 in 70ms (next.js: 4ms, application-code: 66ms)
 GET / 200 in 221ms (next.js: 65ms, application-code: 156ms)
 GET /play?trial=1 200 in 70ms (next.js: 8ms, application-code: 62ms)
 GET /deck-builder 200 in 165ms (next.js: 50ms, application-code: 115ms)
 GET / 200 in 36ms (next.js: 3ms, application-code: 34ms)
 GET / 200 in 47ms (next.js: 3ms, application-code: 44ms)
 GET /login 200 in 65ms (next.js: 37ms, application-code: 28ms)
 GET /play 200 in 17ms (next.js: 3ms, application-code: 13ms)
 GET / 200 in 16ms (next.js: 3ms, application-code: 13ms)
 GET /play 200 in 19ms (next.js: 3ms, application-code: 16ms)
 GET / 200 in 14ms (next.js: 2ms, application-code: 12ms)
 GET /login 200 in 15ms (next.js: 2ms, application-code: 13ms)
 GET /play 200 in 19ms (next.js: 4ms, application-code: 15ms)
 GET /play 200 in 17ms (next.js: 3ms, application-code: 14ms)
 GET / 200 in 55ms (next.js: 6ms, application-code: 50ms)
 GET / 200 in 55ms (next.js: 5ms, application-code: 50ms)
 GET /play 200 in 20ms (next.js: 3ms, application-code: 17ms)
 GET / 200 in 22ms (next.js: 7ms, application-code: 15ms)
 GET /play?trial=1 200 in 21ms (next.js: 4ms, application-code: 17ms)
✓ Compiled in 729ms
 GET /play?trial=1 200 in 537ms (next.js: 279ms, application-code: 258ms)
 GET /play?trial=1 200 in 753ms (next.js: 243ms, application-code: 510ms)
 GET /play?trial=1 200 in 211ms (next.js: 49ms, application-code: 162ms)
 GET /play?trial=1 200 in 117ms (next.js: 88ms, application-code: 28ms)
 GET / 200 in 755ms (next.js: 113ms, application-code: 642ms)
 GET / 200 in 218ms (next.js: 23ms, application-code: 195ms)
 GET / 200 in 129ms (next.js: 9ms, application-code: 121ms)
 GET / 200 in 128ms (next.js: 69ms, application-code: 59ms)
 GET / 200 in 131ms (next.js: 31ms, application-code: 100ms)
 GET / 200 in 131ms (next.js: 49ms, application-code: 82ms)
 GET /play?trial=1 200 in 228ms (next.js: 6ms, application-code: 222ms)
 GET / 200 in 78ms (next.js: 3ms, application-code: 75ms)
 GET /play 200 in 46ms (next.js: 3ms, application-code: 43ms)
