⨯ ./Back-end/src/game/entities/cardRegistry.ts:2:1
Export default doesn't exist in target module
  [90m1 |[0m
[31m[1m>[0m [90m2 |[0m [36mimport[0m archetypeCardsJson [36mfrom[0m [32m"../data/archetypeCards.json"[0m;
  [90m  |[0m [31m[1m^^^^^^^^^^^^^^^^^^^^^^^^^^^^^^^^^^^^^^^^^^^^^^^^^^^^^^^^^^^^^[0m
  [90m3 |[0m
  [90m4 |[0m [36mimport[0m {
  [90m5 |[0m   [33mAbility[0m,

The export default was not found in module [project]/Back-end/src/game/data/archetypeCards.json.[json].js [app-client] (ecmascript).
The module has no exports at all.
All exports of the module are statically known (It doesn't have dynamic exports). So it's known statically that the requested export doesn't exist.

Import traces:
  Client Component Browser:
    ./Back-end/src/game/entities/cardRegistry.ts [Client Component Browser]
    ./Front-end/src/app/gallery/page.tsx [Client Component Browser]
    ./Front-end/src/app/gallery/page.tsx [Server Component]

  Client Component SSR:
    ./Back-end/src/game/entities/cardRegistry.ts [Client Component SSR]
    ./Front-end/src/app/gallery/page.tsx [Client Component SSR]
    ./Front-end/src/app/gallery/page.tsx [Server Component]



./Back-end/src/game/entities/cardRegistry.ts:2:1
Export default doesn't exist in target module
  [90m1 |[0m
[31m[1m>[0m [90m2 |[0m [36mimport[0m archetypeCardsJson [36mfrom[0m [32m"../data/archetypeCards.json"[0m;
  [90m  |[0m [31m[1m^^^^^^^^^^^^^^^^^^^^^^^^^^^^^^^^^^^^^^^^^^^^^^^^^^^^^^^^^^^^^[0m
  [90m3 |[0m
  [90m4 |[0m [36mimport[0m {
  [90m5 |[0m   [33mAbility[0m,

The export default was not found in module [project]/Back-end/src/game/data/archetypeCards.json.[json].js [app-ssr] (ecmascript).
The module has no exports at all.
All exports of the module are statically known (It doesn't have dynamic exports). So it's known statically that the requested export doesn't exist.

Import traces:
  Client Component Browser:
    ./Back-end/src/game/entities/cardRegistry.ts [Client Component Browser]
    ./Front-end/src/app/gallery/page.tsx [Client Component Browser]
    ./Front-end/src/app/gallery/page.tsx [Server Component]

  Client Component SSR:
    ./Back-end/src/game/entities/cardRegistry.ts [Client Component SSR]
    ./Front-end/src/app/gallery/page.tsx [Client Component SSR]
    ./Front-end/src/app/gallery/page.tsx [Server Component]



./Back-end/src/game/data/archetypeCards.json:2962:40
Unable to make a module from invalid JSON
  [90m2960 |[0m     [32m"collectible"[0m: [36mtrue[0m,
  [90m2961 |[0m     [32m"imageUrl"[0m: [32m"https://picsum.photos/seed/verdant-covenant-unit-07/400/600"[0m,
[31m[1m>[0m [90m2962 |[0m     [32m"description"[0m: [32m"Play: draw a Albaz"[0m[33mAlbaz[0m[32m" spell."[0m,
  [90m     |[0m                                        [31m[1m^[0m
  [90m2963 |[0m     [32m"abilities"[0m: [
  [90m2964 |[0m       {
  [90m2965 |[0m         [32m"id"[0m: [32m"verdant-covenant-unit-07-draw"[0m,

expected `,` or `}` at line 2962 column 40


⨯ ./Back-end/src/game/entities/cardRegistry.ts:2:1
Export default doesn't exist in target module
  [90m1 |[0m
[31m[1m>[0m [90m2 |[0m [36mimport[0m archetypeCardsJson [36mfrom[0m [32m"../data/archetypeCards.json"[0m;
  [90m  |[0m [31m[1m^^^^^^^^^^^^^^^^^^^^^^^^^^^^^^^^^^^^^^^^^^^^^^^^^^^^^^^^^^^^^[0m
  [90m3 |[0m
  [90m4 |[0m [36mimport[0m {
  [90m5 |[0m   [33mAbility[0m,

The export default was not found in module [project]/Back-end/src/game/data/archetypeCards.json.[json].js [app-client] (ecmascript).
The module has no exports at all.
All exports of the module are statically known (It doesn't have dynamic exports). So it's known statically that the requested export doesn't exist.

Import traces:
  Client Component Browser:
    ./Back-end/src/game/entities/cardRegistry.ts [Client Component Browser]
    ./Front-end/src/app/gallery/page.tsx [Client Component Browser]
    ./Front-end/src/app/gallery/page.tsx [Server Component]

  Client Component SSR:
    ./Back-end/src/game/entities/cardRegistry.ts [Client Component SSR]
    ./Front-end/src/app/gallery/page.tsx [Client Component SSR]
    ./Front-end/src/app/gallery/page.tsx [Server Component]



./Back-end/src/game/entities/cardRegistry.ts:2:1
Export default doesn't exist in target module
  [90m1 |[0m
[31m[1m>[0m [90m2 |[0m [36mimport[0m archetypeCardsJson [36mfrom[0m [32m"../data/archetypeCards.json"[0m;
  [90m  |[0m [31m[1m^^^^^^^^^^^^^^^^^^^^^^^^^^^^^^^^^^^^^^^^^^^^^^^^^^^^^^^^^^^^^[0m
  [90m3 |[0m
  [90m4 |[0m [36mimport[0m {
  [90m5 |[0m   [33mAbility[0m,

The export default was not found in module [project]/Back-end/src/game/data/archetypeCards.json.[json].js [app-ssr] (ecmascript).
The module has no exports at all.
All exports of the module are statically known (It doesn't have dynamic exports). So it's known statically that the requested export doesn't exist.

Import traces:
  Client Component Browser:
    ./Back-end/src/game/entities/cardRegistry.ts [Client Component Browser]
    ./Front-end/src/app/gallery/page.tsx [Client Component Browser]
    ./Front-end/src/app/gallery/page.tsx [Server Component]

  Client Component SSR:
    ./Back-end/src/game/entities/cardRegistry.ts [Client Component SSR]
    ./Front-end/src/app/gallery/page.tsx [Client Component SSR]
    ./Front-end/src/app/gallery/page.tsx [Server Component]



./Back-end/src/game/data/archetypeCards.json:2962:40
Unable to make a module from invalid JSON
  [90m2960 |[0m     [32m"collectible"[0m: [36mtrue[0m,
  [90m2961 |[0m     [32m"imageUrl"[0m: [32m"https://picsum.photos/seed/verdant-covenant-unit-07/400/600"[0m,
[31m[1m>[0m [90m2962 |[0m     [32m"description"[0m: [32m"Play: draw a Albaz"[0m[33mAlbaz[0m[32m" spell."[0m,
  [90m     |[0m                                        [31m[1m^[0m
  [90m2963 |[0m     [32m"abilities"[0m: [
  [90m2964 |[0m       {
  [90m2965 |[0m         [32m"id"[0m: [32m"verdant-covenant-unit-07-draw"[0m,

expected `,` or `}` at line 2962 column 40


⨯ ./Back-end/src/game/entities/cardRegistry.ts:2:1
Export default doesn't exist in target module
  [90m1 |[0m
[31m[1m>[0m [90m2 |[0m [36mimport[0m archetypeCardsJson [36mfrom[0m [32m"../data/archetypeCards.json"[0m;
  [90m  |[0m [31m[1m^^^^^^^^^^^^^^^^^^^^^^^^^^^^^^^^^^^^^^^^^^^^^^^^^^^^^^^^^^^^^[0m
  [90m3 |[0m
  [90m4 |[0m [36mimport[0m {
  [90m5 |[0m   [33mAbility[0m,

The export default was not found in module [project]/Back-end/src/game/data/archetypeCards.json.[json].js [app-client] (ecmascript).
The module has no exports at all.
All exports of the module are statically known (It doesn't have dynamic exports). So it's known statically that the requested export doesn't exist.

Import traces:
  Client Component Browser:
    ./Back-end/src/game/entities/cardRegistry.ts [Client Component Browser]
    ./Front-end/src/app/gallery/page.tsx [Client Component Browser]
    ./Front-end/src/app/gallery/page.tsx [Server Component]

  Client Component SSR:
    ./Back-end/src/game/entities/cardRegistry.ts [Client Component SSR]
    ./Front-end/src/app/gallery/page.tsx [Client Component SSR]
    ./Front-end/src/app/gallery/page.tsx [Server Component]



./Back-end/src/game/entities/cardRegistry.ts:2:1
Export default doesn't exist in target module
  [90m1 |[0m
[31m[1m>[0m [90m2 |[0m [36mimport[0m archetypeCardsJson [36mfrom[0m [32m"../data/archetypeCards.json"[0m;
  [90m  |[0m [31m[1m^^^^^^^^^^^^^^^^^^^^^^^^^^^^^^^^^^^^^^^^^^^^^^^^^^^^^^^^^^^^^[0m
  [90m3 |[0m
  [90m4 |[0m [36mimport[0m {
  [90m5 |[0m   [33mAbility[0m,

The export default was not found in module [project]/Back-end/src/game/data/archetypeCards.json.[json].js [app-ssr] (ecmascript).
The module has no exports at all.
All exports of the module are statically known (It doesn't have dynamic exports). So it's known statically that the requested export doesn't exist.

Import traces:
  Client Component Browser:
    ./Back-end/src/game/entities/cardRegistry.ts [Client Component Browser]
    ./Front-end/src/app/gallery/page.tsx [Client Component Browser]
    ./Front-end/src/app/gallery/page.tsx [Server Component]

  Client Component SSR:
    ./Back-end/src/game/entities/cardRegistry.ts [Client Component SSR]
    ./Front-end/src/app/gallery/page.tsx [Client Component SSR]
    ./Front-end/src/app/gallery/page.tsx [Server Component]



./Back-end/src/game/data/archetypeCards.json:2962:40
Unable to make a module from invalid JSON
  [90m2960 |[0m     [32m"collectible"[0m: [36mtrue[0m,
  [90m2961 |[0m     [32m"imageUrl"[0m: [32m"https://picsum.photos/seed/verdant-covenant-unit-07/400/600"[0m,
[31m[1m>[0m [90m2962 |[0m     [32m"description"[0m: [32m"Play: draw a Albaz"[0m[33mAlbaz[0m[32m" spell."[0m,
  [90m     |[0m                                        [31m[1m^[0m
  [90m2963 |[0m     [32m"abilities"[0m: [
  [90m2964 |[0m       {
  [90m2965 |[0m         [32m"id"[0m: [32m"verdant-covenant-unit-07-draw"[0m,

expected `,` or `}` at line 2962 column 40


⨯ ./Back-end/src/game/entities/cardRegistry.ts:2:1
Export default doesn't exist in target module
  [90m1 |[0m
[31m[1m>[0m [90m2 |[0m [36mimport[0m archetypeCardsJson [36mfrom[0m [32m"../data/archetypeCards.json"[0m;
  [90m  |[0m [31m[1m^^^^^^^^^^^^^^^^^^^^^^^^^^^^^^^^^^^^^^^^^^^^^^^^^^^^^^^^^^^^^[0m
  [90m3 |[0m
  [90m4 |[0m [36mimport[0m {
  [90m5 |[0m   [33mAbility[0m,

The export default was not found in module [project]/Back-end/src/game/data/archetypeCards.json.[json].js [app-client] (ecmascript).
The module has no exports at all.
All exports of the module are statically known (It doesn't have dynamic exports). So it's known statically that the requested export doesn't exist.

Import traces:
  Client Component Browser:
    ./Back-end/src/game/entities/cardRegistry.ts [Client Component Browser]
    ./Front-end/src/app/gallery/page.tsx [Client Component Browser]
    ./Front-end/src/app/gallery/page.tsx [Server Component]

  Client Component SSR:
    ./Back-end/src/game/entities/cardRegistry.ts [Client Component SSR]
    ./Front-end/src/app/gallery/page.tsx [Client Component SSR]
    ./Front-end/src/app/gallery/page.tsx [Server Component]



./Back-end/src/game/entities/cardRegistry.ts:2:1
Export default doesn't exist in target module
  [90m1 |[0m
[31m[1m>[0m [90m2 |[0m [36mimport[0m archetypeCardsJson [36mfrom[0m [32m"../data/archetypeCards.json"[0m;
  [90m  |[0m [31m[1m^^^^^^^^^^^^^^^^^^^^^^^^^^^^^^^^^^^^^^^^^^^^^^^^^^^^^^^^^^^^^[0m
  [90m3 |[0m
  [90m4 |[0m [36mimport[0m {
  [90m5 |[0m   [33mAbility[0m,

The export default was not found in module [project]/Back-end/src/game/data/archetypeCards.json.[json].js [app-ssr] (ecmascript).
The module has no exports at all.
All exports of the module are statically known (It doesn't have dynamic exports). So it's known statically that the requested export doesn't exist.

Import traces:
  Client Component Browser:
    ./Back-end/src/game/entities/cardRegistry.ts [Client Component Browser]
    ./Front-end/src/app/gallery/page.tsx [Client Component Browser]
    ./Front-end/src/app/gallery/page.tsx [Server Component]

  Client Component SSR:
    ./Back-end/src/game/entities/cardRegistry.ts [Client Component SSR]
    ./Front-end/src/app/gallery/page.tsx [Client Component SSR]
    ./Front-end/src/app/gallery/page.tsx [Server Component]



./Back-end/src/game/data/archetypeCards.json:2962:40
Unable to make a module from invalid JSON
  [90m2960 |[0m     [32m"collectible"[0m: [36mtrue[0m,
  [90m2961 |[0m     [32m"imageUrl"[0m: [32m"https://picsum.photos/seed/verdant-covenant-unit-07/400/600"[0m,
[31m[1m>[0m [90m2962 |[0m     [32m"description"[0m: [32m"Play: draw a Albaz"[0m[33mAlbaz[0m[32m" spell."[0m,
  [90m     |[0m                                        [31m[1m^[0m
  [90m2963 |[0m     [32m"abilities"[0m: [
  [90m2964 |[0m       {
  [90m2965 |[0m         [32m"id"[0m: [32m"verdant-covenant-unit-07-draw"[0m,

expected `,` or `}` at line 2962 column 40


⨯ ./Back-end/src/game/entities/cardRegistry.ts:2:1
Export default doesn't exist in target module
  [90m1 |[0m
[31m[1m>[0m [90m2 |[0m [36mimport[0m archetypeCardsJson [36mfrom[0m [32m"../data/archetypeCards.json"[0m;
  [90m  |[0m [31m[1m^^^^^^^^^^^^^^^^^^^^^^^^^^^^^^^^^^^^^^^^^^^^^^^^^^^^^^^^^^^^^[0m
  [90m3 |[0m
  [90m4 |[0m [36mimport[0m {
  [90m5 |[0m   [33mAbility[0m,

The export default was not found in module [project]/Back-end/src/game/data/archetypeCards.json.[json].js [app-client] (ecmascript).
The module has no exports at all.
All exports of the module are statically known (It doesn't have dynamic exports). So it's known statically that the requested export doesn't exist.

Import traces:
  Client Component Browser:
    ./Back-end/src/game/entities/cardRegistry.ts [Client Component Browser]
    ./Front-end/src/app/gallery/page.tsx [Client Component Browser]
    ./Front-end/src/app/gallery/page.tsx [Server Component]

  Client Component SSR:
    ./Back-end/src/game/entities/cardRegistry.ts [Client Component SSR]
    ./Front-end/src/app/gallery/page.tsx [Client Component SSR]
    ./Front-end/src/app/gallery/page.tsx [Server Component]



./Back-end/src/game/entities/cardRegistry.ts:2:1
Export default doesn't exist in target module
  [90m1 |[0m
[31m[1m>[0m [90m2 |[0m [36mimport[0m archetypeCardsJson [36mfrom[0m [32m"../data/archetypeCards.json"[0m;
  [90m  |[0m [31m[1m^^^^^^^^^^^^^^^^^^^^^^^^^^^^^^^^^^^^^^^^^^^^^^^^^^^^^^^^^^^^^[0m
  [90m3 |[0m
  [90m4 |[0m [36mimport[0m {
  [90m5 |[0m   [33mAbility[0m,

The export default was not found in module [project]/Back-end/src/game/data/archetypeCards.json.[json].js [app-ssr] (ecmascript).
The module has no exports at all.
All exports of the module are statically known (It doesn't have dynamic exports). So it's known statically that the requested export doesn't exist.

Import traces:
  Client Component Browser:
    ./Back-end/src/game/entities/cardRegistry.ts [Client Component Browser]
    ./Front-end/src/app/gallery/page.tsx [Client Component Browser]
    ./Front-end/src/app/gallery/page.tsx [Server Component]

  Client Component SSR:
    ./Back-end/src/game/entities/cardRegistry.ts [Client Component SSR]
    ./Front-end/src/app/gallery/page.tsx [Client Component SSR]
    ./Front-end/src/app/gallery/page.tsx [Server Component]



./Back-end/src/game/data/archetypeCards.json:2962:40
Unable to make a module from invalid JSON
  [90m2960 |[0m     [32m"collectible"[0m: [36mtrue[0m,
  [90m2961 |[0m     [32m"imageUrl"[0m: [32m"https://picsum.photos/seed/verdant-covenant-unit-07/400/600"[0m,
[31m[1m>[0m [90m2962 |[0m     [32m"description"[0m: [32m"Play: draw a Albaz"[0m[33mAlbaz[0m[32m" spell."[0m,
  [90m     |[0m                                        [31m[1m^[0m
  [90m2963 |[0m     [32m"abilities"[0m: [
  [90m2964 |[0m       {
  [90m2965 |[0m         [32m"id"[0m: [32m"verdant-covenant-unit-07-draw"[0m,

expected `,` or `}` at line 2962 column 40


[browser] Uncaught Error: ./Back-end/src/game/entities/cardRegistry.ts:2:1
Export default doesn't exist in target module
  1 |
> 2 | import archetypeCardsJson from "../data/archetypeCards.json";
    | ^^^^^^^^^^^^^^^^^^^^^^^^^^^^^^^^^^^^^^^^^^^^^^^^^^^^^^^^^^^^^
  3 |
  4 | import {
  5 |   Ability,

The export default was not found in module [project]/Back-end/src/game/data/archetypeCards.json.[json].js [app-client] (ecmascript).
The module has no exports at all.
All exports of the module are statically known (It doesn't have dynamic exports). So it's known statically that the requested export doesn't exist.

Import traces:
  Client Component Browser:
    ./Back-end/src/game/entities/cardRegistry.ts [Client Component Browser]
    ./Front-end/src/components/game/GameBoard.tsx [Client Component Browser]
    ./Front-end/src/app/play/page.tsx [Client Component Browser]
    ./Front-end/src/app/play/page.tsx [Server Component]

  Client Component SSR:
    ./Back-end/src/game/entities/cardRegistry.ts [Client Component SSR]
    ./Front-end/src/components/game/GameBoard.tsx [Client Component SSR]
    ./Front-end/src/app/play/page.tsx [Client Component SSR]
    ./Front-end/src/app/play/page.tsx [Server Component]


    at <unknown> (Error: ./Back-end/src/game/entities/cardRegistry.ts:2:1)
    at <unknown> (Error: (./Back-end/src/game/entities/cardRegistry.ts:2:1)
[browser] ./Back-end/src/game/entities/cardRegistry.ts:2:1
Export default doesn't exist in target module
  1 |
> 2 | import archetypeCardsJson from "../data/archetypeCards.json";
    | ^^^^^^^^^^^^^^^^^^^^^^^^^^^^^^^^^^^^^^^^^^^^^^^^^^^^^^^^^^^^^
  3 |
  4 | import {
  5 |   Ability,

The export default was not found in module [project]/Back-end/src/game/data/archetypeCards.json.[json].js [app-client] (ecmascript).
The module has no exports at all.
All exports of the module are statically known (It doesn't have dynamic exports). So it's known statically that the requested export doesn't exist.

Import traces:
  Client Component Browser:
    ./Back-end/src/game/entities/cardRegistry.ts [Client Component Browser]
    ./Front-end/src/components/game/GameBoard.tsx [Client Component Browser]
    ./Front-end/src/app/play/page.tsx [Client Component Browser]
    ./Front-end/src/app/play/page.tsx [Server Component]

  Client Component SSR:
    ./Back-end/src/game/entities/cardRegistry.ts [Client Component SSR]
    ./Front-end/src/components/game/GameBoard.tsx [Client Component SSR]
    ./Front-end/src/app/play/page.tsx [Client Component SSR]
    ./Front-end/src/app/play/page.tsx [Server Component] 
    at handleErrors (file://E:/A.PRJ/Kaleidoscope TCG/TCG-AWS/Front-end/.next/dev/static/chunks/node_modules_next_dist_client_16lnmlo._.js:2774:21)
    at processMessage (file://E:/A.PRJ/Kaleidoscope TCG/TCG-AWS/Front-end/.next/dev/static/chunks/node_modules_next_dist_client_16lnmlo._.js:2835:28)
    at <unknown> (file://E:/A.PRJ/Kaleidoscope TCG/TCG-AWS/Front-end/.next/dev/static/chunks/node_modules_next_dist_client_16lnmlo._.js:2680:13)
    at WebSocket.handleMessage (file://E:/A.PRJ/Kaleidoscope TCG/TCG-AWS/Front-end/.next/dev/static/chunks/node_modules_next_dist_client_16lnmlo._.js:2325:17) (file://E:/A.PRJ/Kaleidoscope TCG/TCG-AWS/Front-end/.next/dev/static/chunks/node_modules_next_dist_client_16lnmlo._.js:2774:21)
[browser] ./Back-end/src/game/entities/cardRegistry.ts:2:1
Export default doesn't exist in target module
  1 |
> 2 | import archetypeCardsJson from "../data/archetypeCards.json";
    | ^^^^^^^^^^^^^^^^^^^^^^^^^^^^^^^^^^^^^^^^^^^^^^^^^^^^^^^^^^^^^
  3 |
  4 | import {
  5 |   Ability,

The export default was not found in module [project]/Back-end/src/game/data/archetypeCards.json.[json].js [app-ssr] (ecmascript).
The module has no exports at all.
All exports of the module are statically known (It doesn't have dynamic exports). So it's known statically that the requested export doesn't exist.

Import traces:
  Client Component Browser:
    ./Back-end/src/game/entities/cardRegistry.ts [Client Component Browser]
    ./Front-end/src/components/game/GameBoard.tsx [Client Component Browser]
    ./Front-end/src/app/play/page.tsx [Client Component Browser]
    ./Front-end/src/app/play/page.tsx [Server Component]

  Client Component SSR:
    ./Back-end/src/game/entities/cardRegistry.ts [Client Component SSR]
    ./Front-end/src/components/game/GameBoard.tsx [Client Component SSR]
    ./Front-end/src/app/play/page.tsx [Client Component SSR]
    ./Front-end/src/app/play/page.tsx [Server Component] 
    at handleErrors (file://E:/A.PRJ/Kaleidoscope TCG/TCG-AWS/Front-end/.next/dev/static/chunks/node_modules_next_dist_client_16lnmlo._.js:2774:21)
    at processMessage (file://E:/A.PRJ/Kaleidoscope TCG/TCG-AWS/Front-end/.next/dev/static/chunks/node_modules_next_dist_client_16lnmlo._.js:2835:28)
    at <unknown> (file://E:/A.PRJ/Kaleidoscope TCG/TCG-AWS/Front-end/.next/dev/static/chunks/node_modules_next_dist_client_16lnmlo._.js:2680:13)
    at WebSocket.handleMessage (file://E:/A.PRJ/Kaleidoscope TCG/TCG-AWS/Front-end/.next/dev/static/chunks/node_modules_next_dist_client_16lnmlo._.js:2325:17) (file://E:/A.PRJ/Kaleidoscope TCG/TCG-AWS/Front-end/.next/dev/static/chunks/node_modules_next_dist_client_16lnmlo._.js:2774:21)
[browser] ./Back-end/src/game/data/archetypeCards.json:2962:40
Unable to make a module from invalid JSON
  2960 |     "collectible": true,
  2961 |     "imageUrl": "https://picsum.photos/seed/verdant-covenant-unit-07/400/600",
> 2962 |     "description": "Play: draw a Albaz"Albaz" spell.",
       |                                        ^
  2963 |     "abilities": [
  2964 |       {
  2965 |         "id": "verdant-covenant-unit-07-draw",

expected `,` or `}` at line 2962 column 40 
    at handleErrors (file://E:/A.PRJ/Kaleidoscope TCG/TCG-AWS/Front-end/.next/dev/static/chunks/node_modules_next_dist_client_16lnmlo._.js:2774:21)
    at processMessage (file://E:/A.PRJ/Kaleidoscope TCG/TCG-AWS/Front-end/.next/dev/static/chunks/node_modules_next_dist_client_16lnmlo._.js:2835:28)
    at <unknown> (file://E:/A.PRJ/Kaleidoscope TCG/TCG-AWS/Front-end/.next/dev/static/chunks/node_modules_next_dist_client_16lnmlo._.js:2680:13)
    at WebSocket.handleMessage (file://E:/A.PRJ/Kaleidoscope TCG/TCG-AWS/Front-end/.next/dev/static/chunks/node_modules_next_dist_client_16lnmlo._.js:2325:17) (file://E:/A.PRJ/Kaleidoscope TCG/TCG-AWS/Front-end/.next/dev/static/chunks/node_modules_next_dist_client_16lnmlo._.js:2774:21)
[browser] ./Back-end/src/game/entities/cardRegistry.ts:2:1
Export default doesn't exist in target module
  1 |
> 2 | import archetypeCardsJson from "../data/archetypeCards.json";
    | ^^^^^^^^^^^^^^^^^^^^^^^^^^^^^^^^^^^^^^^^^^^^^^^^^^^^^^^^^^^^^
  3 |
  4 | import {
  5 |   Ability,

The export default was not found in module [project]/Back-end/src/game/data/archetypeCards.json.[json].js [app-client] (ecmascript).
The module has no exports at all.
All exports of the module are statically known (It doesn't have dynamic exports). So it's known statically that the requested export doesn't exist.

Import traces:
  Client Component Browser:
    ./Back-end/src/game/entities/cardRegistry.ts [Client Component Browser]
    ./Front-end/src/app/gallery/page.tsx [Client Component Browser]
    ./Front-end/src/app/gallery/page.tsx [Server Component]

  Client Component SSR:
    ./Back-end/src/game/entities/cardRegistry.ts [Client Component SSR]
    ./Front-end/src/app/gallery/page.tsx [Client Component SSR]
    ./Front-end/src/app/gallery/page.tsx [Server Component] 
    at handleErrors (file://E:/A.PRJ/Kaleidoscope TCG/TCG-AWS/Front-end/.next/dev/static/chunks/node_modules_next_dist_client_16lnmlo._.js:2774:21)
    at processMessage (file://E:/A.PRJ/Kaleidoscope TCG/TCG-AWS/Front-end/.next/dev/static/chunks/node_modules_next_dist_client_16lnmlo._.js:2835:28)
    at <unknown> (file://E:/A.PRJ/Kaleidoscope TCG/TCG-AWS/Front-end/.next/dev/static/chunks/node_modules_next_dist_client_16lnmlo._.js:2680:13)
    at WebSocket.handleMessage (file://E:/A.PRJ/Kaleidoscope TCG/TCG-AWS/Front-end/.next/dev/static/chunks/node_modules_next_dist_client_16lnmlo._.js:2325:17) (file://E:/A.PRJ/Kaleidoscope TCG/TCG-AWS/Front-end/.next/dev/static/chunks/node_modules_next_dist_client_16lnmlo._.js:2774:21)
[browser] ./Back-end/src/game/entities/cardRegistry.ts:2:1
Export default doesn't exist in target module
  1 |
> 2 | import archetypeCardsJson from "../data/archetypeCards.json";
    | ^^^^^^^^^^^^^^^^^^^^^^^^^^^^^^^^^^^^^^^^^^^^^^^^^^^^^^^^^^^^^
  3 |
  4 | import {
  5 |   Ability,

The export default was not found in module [project]/Back-end/src/game/data/archetypeCards.json.[json].js [app-ssr] (ecmascript).
The module has no exports at all.
All exports of the module are statically known (It doesn't have dynamic exports). So it's known statically that the requested export doesn't exist.

Import traces:
  Client Component Browser:
    ./Back-end/src/game/entities/cardRegistry.ts [Client Component Browser]
    ./Front-end/src/app/gallery/page.tsx [Client Component Browser]
    ./Front-end/src/app/gallery/page.tsx [Server Component]

  Client Component SSR:
    ./Back-end/src/game/entities/cardRegistry.ts [Client Component SSR]
    ./Front-end/src/app/gallery/page.tsx [Client Component SSR]
    ./Front-end/src/app/gallery/page.tsx [Server Component] 
    at handleErrors (file://E:/A.PRJ/Kaleidoscope TCG/TCG-AWS/Front-end/.next/dev/static/chunks/node_modules_next_dist_client_16lnmlo._.js:2774:21)
    at processMessage (file://E:/A.PRJ/Kaleidoscope TCG/TCG-AWS/Front-end/.next/dev/static/chunks/node_modules_next_dist_client_16lnmlo._.js:2835:28)
    at <unknown> (file://E:/A.PRJ/Kaleidoscope TCG/TCG-AWS/Front-end/.next/dev/static/chunks/node_modules_next_dist_client_16lnmlo._.js:2680:13)
    at WebSocket.handleMessage (file://E:/A.PRJ/Kaleidoscope TCG/TCG-AWS/Front-end/.next/dev/static/chunks/node_modules_next_dist_client_16lnmlo._.js:2325:17) (file://E:/A.PRJ/Kaleidoscope TCG/TCG-AWS/Front-end/.next/dev/static/chunks/node_modules_next_dist_client_16lnmlo._.js:2774:21)
[browser] ./Back-end/src/game/data/archetypeCards.json:2962:40
Unable to make a module from invalid JSON
  2960 |     "collectible": true,
  2961 |     "imageUrl": "https://picsum.photos/seed/verdant-covenant-unit-07/400/600",
> 2962 |     "description": "Play: draw a Albaz"Albaz" spell.",
       |                                        ^
  2963 |     "abilities": [
  2964 |       {
  2965 |         "id": "verdant-covenant-unit-07-draw",

expected `,` or `}` at line 2962 column 40 
    at handleErrors (file://E:/A.PRJ/Kaleidoscope TCG/TCG-AWS/Front-end/.next/dev/static/chunks/node_modules_next_dist_client_16lnmlo._.js:2774:21)
    at processMessage (file://E:/A.PRJ/Kaleidoscope TCG/TCG-AWS/Front-end/.next/dev/static/chunks/node_modules_next_dist_client_16lnmlo._.js:2835:28)
    at <unknown> (file://E:/A.PRJ/Kaleidoscope TCG/TCG-AWS/Front-end/.next/dev/static/chunks/node_modules_next_dist_client_16lnmlo._.js:2680:13)
    at WebSocket.handleMessage (file://E:/A.PRJ/Kaleidoscope TCG/TCG-AWS/Front-end/.next/dev/static/chunks/node_modules_next_dist_client_16lnmlo._.js:2325:17) (file://E:/A.PRJ/Kaleidoscope TCG/TCG-AWS/Front-end/.next/dev/static/chunks/node_modules_next_dist_client_16lnmlo._.js:2774:21)
[browser] ./Back-end/src/game/entities/cardRegistry.ts:2:1
Export default doesn't exist in target module
  1 |
> 2 | import archetypeCardsJson from "../data/archetypeCards.json";
    | ^^^^^^^^^^^^^^^^^^^^^^^^^^^^^^^^^^^^^^^^^^^^^^^^^^^^^^^^^^^^^
  3 |
  4 | import {
  5 |   Ability,

The export default was not found in module [project]/Back-end/src/game/data/archetypeCards.json.[json].js [app-client] (ecmascript).
The module has no exports at all.
All exports of the module are statically known (It doesn't have dynamic exports). So it's known statically that the requested export doesn't exist.

Import traces:
  Client Component Browser:
    ./Back-end/src/game/entities/cardRegistry.ts [Client Component Browser]
    ./Front-end/src/components/game/GameBoard.tsx [Client Component Browser]
    ./Front-end/src/app/play/page.tsx [Client Component Browser]
    ./Front-end/src/app/play/page.tsx [Server Component]

  Client Component SSR:
    ./Back-end/src/game/entities/cardRegistry.ts [Client Component SSR]
    ./Front-end/src/components/game/GameBoard.tsx [Client Component SSR]
    ./Front-end/src/app/play/page.tsx [Client Component SSR]
    ./Front-end/src/app/play/page.tsx [Server Component] 
    at handleErrors (file://E:/A.PRJ/Kaleidoscope TCG/TCG-AWS/Front-end/.next/dev/static/chunks/node_modules_next_dist_client_16lnmlo._.js:2774:21)
    at processMessage (file://E:/A.PRJ/Kaleidoscope TCG/TCG-AWS/Front-end/.next/dev/static/chunks/node_modules_next_dist_client_16lnmlo._.js:2835:28)
    at <unknown> (file://E:/A.PRJ/Kaleidoscope TCG/TCG-AWS/Front-end/.next/dev/static/chunks/node_modules_next_dist_client_16lnmlo._.js:2680:13)
    at WebSocket.handleMessage (file://E:/A.PRJ/Kaleidoscope TCG/TCG-AWS/Front-end/.next/dev/static/chunks/node_modules_next_dist_client_16lnmlo._.js:2325:17) (file://E:/A.PRJ/Kaleidoscope TCG/TCG-AWS/Front-end/.next/dev/static/chunks/node_modules_next_dist_client_16lnmlo._.js:2774:21)
[browser] ./Back-end/src/game/entities/cardRegistry.ts:2:1
Export default doesn't exist in target module
  1 |
> 2 | import archetypeCardsJson from "../data/archetypeCards.json";
    | ^^^^^^^^^^^^^^^^^^^^^^^^^^^^^^^^^^^^^^^^^^^^^^^^^^^^^^^^^^^^^
  3 |
  4 | import {
  5 |   Ability,

The export default was not found in module [project]/Back-end/src/game/data/archetypeCards.json.[json].js [app-ssr] (ecmascript).
The module has no exports at all.
All exports of the module are statically known (It doesn't have dynamic exports). So it's known statically that the requested export doesn't exist.

Import traces:
  Client Component Browser:
    ./Back-end/src/game/entities/cardRegistry.ts [Client Component Browser]
    ./Front-end/src/components/game/GameBoard.tsx [Client Component Browser]
    ./Front-end/src/app/play/page.tsx [Client Component Browser]
    ./Front-end/src/app/play/page.tsx [Server Component]

  Client Component SSR:
    ./Back-end/src/game/entities/cardRegistry.ts [Client Component SSR]
    ./Front-end/src/components/game/GameBoard.tsx [Client Component SSR]
    ./Front-end/src/app/play/page.tsx [Client Component SSR]
    ./Front-end/src/app/play/page.tsx [Server Component] 
    at handleErrors (file://E:/A.PRJ/Kaleidoscope TCG/TCG-AWS/Front-end/.next/dev/static/chunks/node_modules_next_dist_client_16lnmlo._.js:2774:21)
    at processMessage (file://E:/A.PRJ/Kaleidoscope TCG/TCG-AWS/Front-end/.next/dev/static/chunks/node_modules_next_dist_client_16lnmlo._.js:2835:28)
    at <unknown> (file://E:/A.PRJ/Kaleidoscope TCG/TCG-AWS/Front-end/.next/dev/static/chunks/node_modules_next_dist_client_16lnmlo._.js:2680:13)
    at WebSocket.handleMessage (file://E:/A.PRJ/Kaleidoscope TCG/TCG-AWS/Front-end/.next/dev/static/chunks/node_modules_next_dist_client_16lnmlo._.js:2325:17) (file://E:/A.PRJ/Kaleidoscope TCG/TCG-AWS/Front-end/.next/dev/static/chunks/node_modules_next_dist_client_16lnmlo._.js:2774:21)
[browser] ./Back-end/src/game/data/archetypeCards.json:2962:40
Unable to make a module from invalid JSON
  2960 |     "collectible": true,
  2961 |     "imageUrl": "https://picsum.photos/seed/verdant-covenant-unit-07/400/600",
> 2962 |     "description": "Play: draw a Albaz"Albaz" spell.",
       |                                        ^
  2963 |     "abilities": [
  2964 |       {
  2965 |         "id": "verdant-covenant-unit-07-draw",

expected `,` or `}` at line 2962 column 40 
    at handleErrors (file://E:/A.PRJ/Kaleidoscope TCG/TCG-AWS/Front-end/.next/dev/static/chunks/node_modules_next_dist_client_16lnmlo._.js:2774:21)
    at processMessage (file://E:/A.PRJ/Kaleidoscope TCG/TCG-AWS/Front-end/.next/dev/static/chunks/node_modules_next_dist_client_16lnmlo._.js:2835:28)
    at <unknown> (file://E:/A.PRJ/Kaleidoscope TCG/TCG-AWS/Front-end/.next/dev/static/chunks/node_modules_next_dist_client_16lnmlo._.js:2680:13)
    at WebSocket.handleMessage (file://E:/A.PRJ/Kaleidoscope TCG/TCG-AWS/Front-end/.next/dev/static/chunks/node_modules_next_dist_client_16lnmlo._.js:2325:17) (file://E:/A.PRJ/Kaleidoscope TCG/TCG-AWS/Front-end/.next/dev/static/chunks/node_modules_next_dist_client_16lnmlo._.js:2774:21)
⚠ Found a change in next.config.ts. Restarting the server to apply the changes...
